<?xml version="1.0" encoding="UTF-8"?>
<testsuite name="com.statistics.SmokeTest" tests="1" skipped="0" failures="0" errors="0" timestamp="2020-10-13T04:02:50" hostname="LAPTOP-74STAL2D" time="1.696">
  <properties/>
  <testcase name="contextLoads()" classname="com.statistics.SmokeTest" time="1.696"/>
  <system-out><![CDATA[06:02:26.722 [Test worker] DEBUG org.springframework.test.context.BootstrapUtils - Instantiating CacheAwareContextLoaderDelegate from class [org.springframework.test.context.cache.DefaultCacheAwareContextLoaderDelegate]
06:02:26.778 [Test worker] DEBUG org.springframework.test.context.BootstrapUtils - Instantiating BootstrapContext using constructor [public org.springframework.test.context.support.DefaultBootstrapContext(java.lang.Class,org.springframework.test.context.CacheAwareContextLoaderDelegate)]
06:02:26.903 [Test worker] DEBUG org.springframework.test.context.BootstrapUtils - Instantiating TestContextBootstrapper for test class [com.statistics.SmokeTest] from class [org.springframework.boot.test.context.SpringBootTestContextBootstrapper]
06:02:26.995 [Test worker] INFO org.springframework.boot.test.context.SpringBootTestContextBootstrapper - Neither @ContextConfiguration nor @ContextHierarchy found for test class [com.statistics.SmokeTest], using SpringBootContextLoader
06:02:27.015 [Test worker] DEBUG org.springframework.test.context.support.AbstractContextLoader - Did not detect default resource location for test class [com.statistics.SmokeTest]: class path resource [com/statistics/SmokeTest-context.xml] does not exist
06:02:27.017 [Test worker] DEBUG org.springframework.test.context.support.AbstractContextLoader - Did not detect default resource location for test class [com.statistics.SmokeTest]: class path resource [com/statistics/SmokeTestContext.groovy] does not exist
06:02:27.018 [Test worker] INFO org.springframework.test.context.support.AbstractContextLoader - Could not detect default resource locations for test class [com.statistics.SmokeTest]: no resource found for suffixes {-context.xml, Context.groovy}.
06:02:27.022 [Test worker] INFO org.springframework.test.context.support.AnnotationConfigContextLoaderUtils - Could not detect default configuration classes for test class [com.statistics.SmokeTest]: SmokeTest does not declare any static, non-private, non-final, nested classes annotated with @Configuration.
06:02:27.233 [Test worker] DEBUG org.springframework.test.context.support.ActiveProfilesUtils - Could not find an 'annotation declaring class' for annotation type [org.springframework.test.context.ActiveProfiles] and class [com.statistics.SmokeTest]
06:02:27.691 [Test worker] DEBUG org.springframework.context.annotation.ClassPathScanningCandidateComponentProvider - Identified candidate component class: file [C:\Users\Isabel\workspace-spring-tool-suite-4-4.1.2.RELEASE\Statistics\build\classes\java\main\com\statistics\StatisticsApplication.class]
06:02:27.697 [Test worker] INFO org.springframework.boot.test.context.SpringBootTestContextBootstrapper - Found @SpringBootConfiguration com.statistics.StatisticsApplication for test class com.statistics.SmokeTest
06:02:28.655 [Test worker] DEBUG org.springframework.boot.test.context.SpringBootTestContextBootstrapper - @TestExecutionListeners is not present for class [com.statistics.SmokeTest]: using defaults.
06:02:28.662 [Test worker] INFO org.springframework.boot.test.context.SpringBootTestContextBootstrapper - Loaded default TestExecutionListener class names from location [META-INF/spring.factories]: [org.springframework.boot.test.autoconfigure.restdocs.RestDocsTestExecutionListener, org.springframework.boot.test.autoconfigure.web.client.MockRestServiceServerResetTestExecutionListener, org.springframework.boot.test.autoconfigure.web.servlet.MockMvcPrintOnlyOnFailureTestExecutionListener, org.springframework.boot.test.autoconfigure.web.servlet.WebDriverTestExecutionListener, org.springframework.boot.test.autoconfigure.webservices.client.MockWebServiceServerTestExecutionListener, org.springframework.boot.test.mock.mockito.MockitoTestExecutionListener, org.springframework.boot.test.mock.mockito.ResetMocksTestExecutionListener, org.springframework.test.context.web.ServletTestExecutionListener, org.springframework.test.context.support.DirtiesContextBeforeModesTestExecutionListener, org.springframework.test.context.support.DependencyInjectionTestExecutionListener, org.springframework.test.context.support.DirtiesContextTestExecutionListener, org.springframework.test.context.transaction.TransactionalTestExecutionListener, org.springframework.test.context.jdbc.SqlScriptsTestExecutionListener, org.springframework.test.context.event.EventPublishingTestExecutionListener]
06:02:28.757 [Test worker] INFO org.springframework.boot.test.context.SpringBootTestContextBootstrapper - Using TestExecutionListeners: [org.springframework.test.context.web.ServletTestExecutionListener@6c3a1362, org.springframework.test.context.support.DirtiesContextBeforeModesTestExecutionListener@113f92d2, org.springframework.boot.test.mock.mockito.MockitoTestExecutionListener@21c0220d, org.springframework.boot.test.autoconfigure.SpringBootDependencyInjectionTestExecutionListener@71486a40, org.springframework.test.context.support.DirtiesContextTestExecutionListener@4d55d608, org.springframework.test.context.transaction.TransactionalTestExecutionListener@20117472, org.springframework.test.context.jdbc.SqlScriptsTestExecutionListener@e1fa37, org.springframework.test.context.event.EventPublishingTestExecutionListener@32499a01, org.springframework.boot.test.autoconfigure.restdocs.RestDocsTestExecutionListener@514fefd6, org.springframework.boot.test.autoconfigure.web.client.MockRestServiceServerResetTestExecutionListener@7ad6a369, org.springframework.boot.test.autoconfigure.web.servlet.MockMvcPrintOnlyOnFailureTestExecutionListener@7569ce46, org.springframework.boot.test.autoconfigure.web.servlet.WebDriverTestExecutionListener@b8ecb78, org.springframework.boot.test.autoconfigure.webservices.client.MockWebServiceServerTestExecutionListener@2511a480, org.springframework.boot.test.mock.mockito.ResetMocksTestExecutionListener@6a9396a0]
06:02:28.780 [Test worker] DEBUG org.springframework.test.context.support.AbstractDirtiesContextTestExecutionListener - Before test class: context [DefaultTestContext@295fa634 testClass = SmokeTest, testInstance = [null], testMethod = [null], testException = [null], mergedContextConfiguration = [WebMergedContextConfiguration@7d8c25b4 testClass = SmokeTest, locations = '{}', classes = '{class com.statistics.StatisticsApplication}', contextInitializerClasses = '[]', activeProfiles = '{}', propertySourceLocations = '{}', propertySourceProperties = '{org.springframework.boot.test.context.SpringBootTestContextBootstrapper=true}', contextCustomizers = set[org.springframework.boot.test.autoconfigure.properties.PropertyMappingContextCustomizer@0, org.springframework.boot.test.autoconfigure.web.servlet.WebDriverContextCustomizerFactory$Customizer@2e77b28a, org.springframework.boot.test.context.filter.ExcludeFilterContextCustomizer@1096f6a, org.springframework.boot.test.json.DuplicateJsonObjectContextCustomizerFactory$DuplicateJsonObjectContextCustomizer@7356cdd5, org.springframework.boot.test.mock.mockito.MockitoContextCustomizer@0, org.springframework.boot.test.web.client.TestRestTemplateContextCustomizer@5ae7e39c, org.springframework.boot.test.context.SpringBootTestArgs@1], resourceBasePath = 'src/main/webapp', contextLoader = 'org.springframework.boot.test.context.SpringBootContextLoader', parent = [null]], attributes = map['org.springframework.test.context.web.ServletTestExecutionListener.activateListener' -> true]], class annotated with @DirtiesContext [false] with mode [null].
06:02:28.914 [Test worker] DEBUG org.springframework.test.context.support.TestPropertySourceUtils - Adding inlined properties to environment: {spring.jmx.enabled=false, org.springframework.boot.test.context.SpringBootTestContextBootstrapper=true}

  .   ____          _            __ _ _
 /\\ / ___'_ __ _ _(_)_ __  __ _ \ \ \ \
( ( )\___ | '_ | '_| | '_ \/ _` | \ \ \ \
 \\/  ___)| |_)| | | | | || (_| |  ) ) ) )
  '  |____| .__|_| |_|_| |_\__, | / / / /
 =========|_|==============|___/=/_/_/_/
 :: Spring Boot ::        (v2.3.4.RELEASE)

2020-10-13 06:02:30.563  INFO 193524 --- [    Test worker] com.statistics.SmokeTest                 : Starting SmokeTest on LAPTOP-74STAL2D with PID 193524 (started by Isabel in C:\Users\Isabel\workspace-spring-tool-suite-4-4.1.2.RELEASE\Statistics)
2020-10-13 06:02:30.569  INFO 193524 --- [    Test worker] com.statistics.SmokeTest                 : No active profile set, falling back to default profiles: default
2020-10-13 06:02:45.807  INFO 193524 --- [    Test worker] o.s.s.concurrent.ThreadPoolTaskExecutor  : Initializing ExecutorService 'applicationTaskExecutor'
2020-10-13 06:02:50.603  INFO 193524 --- [    Test worker] com.statistics.SmokeTest                 : Started SmokeTest in 21.614 seconds (JVM running for 29.835)
]]></system-out>
  <system-err><![CDATA[]]></system-err>
</testsuite>
